<?xml version="1.0" encoding="UTF-8"?>
<coverage generated="1721507960123" clover="3.2.0">
  <project timestamp="1721507960124" name="All files">
    <metrics statements="39" coveredstatements="31" conditionals="21" coveredconditionals="15" methods="5" coveredmethods="5" elements="65" coveredelements="51" complexity="0" loc="39" ncloc="39" packages="3" files="3" classes="3"/>
    <package name="src">
      <metrics statements="1" coveredstatements="1" conditionals="8" coveredconditionals="4" methods="0" coveredmethods="0"/>
      <file name="config.js" path="C:\Users\mrm_6\OneDrive\Documentos\Estudios\ISIL Ciclo 7\Integracion de Aplicaciones\EP4_2752_ROMAN_MENESES_MIGUEL\ProyectoApiRestful\src\config.js">
        <metrics statements="1" coveredstatements="1" conditionals="8" coveredconditionals="4" methods="0" coveredmethods="0"/>
        <line num="3" count="1" type="stmt"/>
      </file>
    </package>
    <package name="src.controllers">
      <metrics statements="34" coveredstatements="26" conditionals="13" coveredconditionals="11" methods="4" coveredmethods="4"/>
      <file name="producto.js" path="C:\Users\mrm_6\OneDrive\Documentos\Estudios\ISIL Ciclo 7\Integracion de Aplicaciones\EP4_2752_ROMAN_MENESES_MIGUEL\ProyectoApiRestful\src\controllers\producto.js">
        <metrics statements="34" coveredstatements="26" conditionals="13" coveredconditionals="11" methods="4" coveredmethods="4"/>
        <line num="7" count="1" type="stmt"/>
        <line num="8" count="1" type="stmt"/>
        <line num="9" count="1" type="stmt"/>
        <line num="10" count="1" type="stmt"/>
        <line num="11" count="1" type="stmt"/>
        <line num="13" count="0" type="stmt"/>
        <line num="18" count="1" type="stmt"/>
        <line num="19" count="1" type="stmt"/>
        <line num="20" count="1" type="stmt"/>
        <line num="21" count="1" type="cond" truecount="5" falsecount="1"/>
        <line num="22" count="0" type="stmt"/>
        <line num="23" count="0" type="stmt"/>
        <line num="26" count="1" type="stmt"/>
        <line num="27" count="1" type="stmt"/>
        <line num="32" count="1" type="stmt"/>
        <line num="34" count="0" type="stmt"/>
        <line num="39" count="1" type="stmt"/>
        <line num="40" count="1" type="stmt"/>
        <line num="41" count="1" type="stmt"/>
        <line num="42" count="1" type="cond" truecount="6" falsecount="1"/>
        <line num="43" count="0" type="stmt"/>
        <line num="44" count="0" type="stmt"/>
        <line num="47" count="1" type="stmt"/>
        <line num="48" count="1" type="stmt"/>
        <line num="53" count="1" type="stmt"/>
        <line num="55" count="0" type="stmt"/>
        <line num="60" count="1" type="stmt"/>
        <line num="61" count="1" type="stmt"/>
        <line num="62" count="1" type="stmt"/>
        <line num="63" count="1" type="stmt"/>
        <line num="64" count="1" type="stmt"/>
        <line num="65" count="1" type="stmt"/>
        <line num="67" count="0" type="stmt"/>
        <line num="71" count="1" type="stmt"/>
      </file>
    </package>
    <package name="src.database">
      <metrics statements="4" coveredstatements="4" conditionals="0" coveredconditionals="0" methods="1" coveredmethods="1"/>
      <file name="database.js" path="C:\Users\mrm_6\OneDrive\Documentos\Estudios\ISIL Ciclo 7\Integracion de Aplicaciones\EP4_2752_ROMAN_MENESES_MIGUEL\ProyectoApiRestful\src\database\database.js">
        <metrics statements="4" coveredstatements="4" conditionals="0" coveredconditionals="0" methods="1" coveredmethods="1"/>
        <line num="4" count="1" type="stmt"/>
        <line num="11" count="1" type="stmt"/>
        <line num="12" count="4" type="stmt"/>
        <line num="15" count="1" type="stmt"/>
      </file>
    </package>
  </project>
</coverage>
