{"C:\\Users\\mrm_6\\OneDrive\\Documentos\\Estudios\\ISIL Ciclo 7\\Integracion de Aplicaciones\\EP4_2752_ROMAN_MENESES_MIGUEL\\ProyectoApiRestful\\src\\config.js": {"path":"C:\\Users\\mrm_6\\OneDrive\\Documentos\\Estudios\\ISIL Ciclo 7\\Integracion de Aplicaciones\\EP4_2752_ROMAN_MENESES_MIGUEL\\ProyectoApiRestful\\src\\config.js","statementMap":{"0":{"start":{"line":3,"column":0},"end":{"line":3,"column":9}}},"fnMap":{},"branchMap":{"0":{"loc":{"start":{"line":6,"column":10},"end":{"line":6,"column":32}},"type":"binary-expr","locations":[{"start":{"line":6,"column":10},"end":{"line":6,"column":26}},{"start":{"line":6,"column":30},"end":{"line":6,"column":32}}],"line":6},"1":{"loc":{"start":{"line":7,"column":14},"end":{"line":7,"column":40}},"type":"binary-expr","locations":[{"start":{"line":7,"column":14},"end":{"line":7,"column":34}},{"start":{"line":7,"column":38},"end":{"line":7,"column":40}}],"line":7},"2":{"loc":{"start":{"line":8,"column":10},"end":{"line":8,"column":32}},"type":"binary-expr","locations":[{"start":{"line":8,"column":10},"end":{"line":8,"column":26}},{"start":{"line":8,"column":30},"end":{"line":8,"column":32}}],"line":8},"3":{"loc":{"start":{"line":9,"column":14},"end":{"line":9,"column":40}},"type":"binary-expr","locations":[{"start":{"line":9,"column":14},"end":{"line":9,"column":34}},{"start":{"line":9,"column":38},"end":{"line":9,"column":40}}],"line":9}},"s":{"0":1},"f":{},"b":{"0":[1,0],"1":[1,0],"2":[1,0],"3":[1,0]},"_coverageSchema":"1a1c01bbd47fc00a2c39e90264f33305004495a9","hash":"09a2f36220bf69452eb741fc95ca9dcdd2f4324e"}
,"C:\\Users\\mrm_6\\OneDrive\\Documentos\\Estudios\\ISIL Ciclo 7\\Integracion de Aplicaciones\\EP4_2752_ROMAN_MENESES_MIGUEL\\ProyectoApiRestful\\src\\controllers\\producto.js": {"path":"C:\\Users\\mrm_6\\OneDrive\\Documentos\\Estudios\\ISIL Ciclo 7\\Integracion de Aplicaciones\\EP4_2752_ROMAN_MENESES_MIGUEL\\ProyectoApiRestful\\src\\controllers\\producto.js","statementMap":{"0":{"start":{"line":7,"column":21},"end":{"line":15,"column":1}},"1":{"start":{"line":8,"column":4},"end":{"line":14,"column":5}},"2":{"start":{"line":9,"column":27},"end":{"line":9,"column":48}},"3":{"start":{"line":10,"column":23},"end":{"line":10,"column":71}},"4":{"start":{"line":11,"column":8},"end":{"line":11,"column":25}},"5":{"start":{"line":13,"column":8},"end":{"line":13,"column":44}},"6":{"start":{"line":18,"column":22},"end":{"line":36,"column":1}},"7":{"start":{"line":19,"column":4},"end":{"line":35,"column":5}},"8":{"start":{"line":20,"column":78},"end":{"line":20,"column":86}},"9":{"start":{"line":21,"column":8},"end":{"line":24,"column":9}},"10":{"start":{"line":22,"column":12},"end":{"line":22,"column":100}},"11":{"start":{"line":23,"column":12},"end":{"line":23,"column":19}},"12":{"start":{"line":26,"column":27},"end":{"line":26,"column":48}},"13":{"start":{"line":27,"column":8},"end":{"line":30,"column":10}},"14":{"start":{"line":32,"column":8},"end":{"line":32,"column":79}},"15":{"start":{"line":34,"column":8},"end":{"line":34,"column":44}},"16":{"start":{"line":39,"column":27},"end":{"line":57,"column":1}},"17":{"start":{"line":40,"column":4},"end":{"line":56,"column":5}},"18":{"start":{"line":41,"column":82},"end":{"line":41,"column":90}},"19":{"start":{"line":42,"column":8},"end":{"line":45,"column":9}},"20":{"start":{"line":43,"column":12},"end":{"line":43,"column":100}},"21":{"start":{"line":44,"column":12},"end":{"line":44,"column":19}},"22":{"start":{"line":47,"column":27},"end":{"line":47,"column":48}},"23":{"start":{"line":48,"column":8},"end":{"line":51,"column":10}},"24":{"start":{"line":53,"column":8},"end":{"line":53,"column":96}},"25":{"start":{"line":55,"column":8},"end":{"line":55,"column":44}},"26":{"start":{"line":60,"column":25},"end":{"line":69,"column":1}},"27":{"start":{"line":61,"column":4},"end":{"line":68,"column":5}},"28":{"start":{"line":62,"column":23},"end":{"line":62,"column":33}},"29":{"start":{"line":63,"column":27},"end":{"line":63,"column":48}},"30":{"start":{"line":64,"column":8},"end":{"line":64,"column":74}},"31":{"start":{"line":65,"column":8},"end":{"line":65,"column":78}},"32":{"start":{"line":67,"column":8},"end":{"line":67,"column":44}},"33":{"start":{"line":71,"column":23},"end":{"line":76,"column":1}}},"fnMap":{"0":{"name":"(anonymous_0)","decl":{"start":{"line":7,"column":21},"end":{"line":7,"column":22}},"loc":{"start":{"line":7,"column":41},"end":{"line":15,"column":1}},"line":7},"1":{"name":"(anonymous_1)","decl":{"start":{"line":18,"column":22},"end":{"line":18,"column":23}},"loc":{"start":{"line":18,"column":42},"end":{"line":36,"column":1}},"line":18},"2":{"name":"(anonymous_2)","decl":{"start":{"line":39,"column":27},"end":{"line":39,"column":28}},"loc":{"start":{"line":39,"column":47},"end":{"line":57,"column":1}},"line":39},"3":{"name":"(anonymous_3)","decl":{"start":{"line":60,"column":25},"end":{"line":60,"column":26}},"loc":{"start":{"line":60,"column":45},"end":{"line":69,"column":1}},"line":60}},"branchMap":{"0":{"loc":{"start":{"line":21,"column":8},"end":{"line":24,"column":9}},"type":"if","locations":[{"start":{"line":21,"column":8},"end":{"line":24,"column":9}},{"start":{},"end":{}}],"line":21},"1":{"loc":{"start":{"line":21,"column":12},"end":{"line":21,"column":66}},"type":"binary-expr","locations":[{"start":{"line":21,"column":12},"end":{"line":21,"column":19}},{"start":{"line":21,"column":23},"end":{"line":21,"column":30}},{"start":{"line":21,"column":34},"end":{"line":21,"column":50}},{"start":{"line":21,"column":54},"end":{"line":21,"column":66}}],"line":21},"2":{"loc":{"start":{"line":42,"column":8},"end":{"line":45,"column":9}},"type":"if","locations":[{"start":{"line":42,"column":8},"end":{"line":45,"column":9}},{"start":{},"end":{}}],"line":42},"3":{"loc":{"start":{"line":42,"column":12},"end":{"line":42,"column":73}},"type":"binary-expr","locations":[{"start":{"line":42,"column":12},"end":{"line":42,"column":15}},{"start":{"line":42,"column":19},"end":{"line":42,"column":26}},{"start":{"line":42,"column":30},"end":{"line":42,"column":37}},{"start":{"line":42,"column":41},"end":{"line":42,"column":57}},{"start":{"line":42,"column":61},"end":{"line":42,"column":73}}],"line":42}},"s":{"0":1,"1":1,"2":1,"3":1,"4":1,"5":0,"6":1,"7":1,"8":1,"9":1,"10":0,"11":0,"12":1,"13":1,"14":1,"15":0,"16":1,"17":1,"18":1,"19":1,"20":0,"21":0,"22":1,"23":1,"24":1,"25":0,"26":1,"27":1,"28":1,"29":1,"30":1,"31":1,"32":0,"33":1},"f":{"0":1,"1":1,"2":1,"3":1},"b":{"0":[0,1],"1":[1,1,1,1],"2":[0,1],"3":[1,1,1,1,1]},"_coverageSchema":"1a1c01bbd47fc00a2c39e90264f33305004495a9","hash":"8052a05576dfdfd74d00def2453c441f8acb7c95"}
,"C:\\Users\\mrm_6\\OneDrive\\Documentos\\Estudios\\ISIL Ciclo 7\\Integracion de Aplicaciones\\EP4_2752_ROMAN_MENESES_MIGUEL\\ProyectoApiRestful\\src\\database\\database.js": {"path":"C:\\Users\\mrm_6\\OneDrive\\Documentos\\Estudios\\ISIL Ciclo 7\\Integracion de Aplicaciones\\EP4_2752_ROMAN_MENESES_MIGUEL\\ProyectoApiRestful\\src\\database\\database.js","statementMap":{"0":{"start":{"line":4,"column":17},"end":{"line":9,"column":2}},"1":{"start":{"line":11,"column":20},"end":{"line":13,"column":1}},"2":{"start":{"line":12,"column":4},"end":{"line":12,"column":22}},"3":{"start":{"line":15,"column":0},"end":{"line":17,"column":2}}},"fnMap":{"0":{"name":"(anonymous_0)","decl":{"start":{"line":11,"column":20},"end":{"line":11,"column":21}},"loc":{"start":{"line":11,"column":24},"end":{"line":13,"column":1}},"line":11}},"branchMap":{},"s":{"0":1,"1":1,"2":4,"3":1},"f":{"0":4},"b":{},"_coverageSchema":"1a1c01bbd47fc00a2c39e90264f33305004495a9","hash":"50cd0dcd5b8f9e0191f015c8c44924c513476d62"}
}
